[debug] [2026-05-28T18:04:55.091Z] ----------------------------------------------------------------------
[debug] [2026-05-28T18:04:55.093Z] Command:       C:\Program Files\nodejs\node.exe C:\Users\HP\AppData\Roaming\npm\node_modules\firebase-tools\lib\bin\firebase.js deploy --only functions --project mimo-v2-11868
[debug] [2026-05-28T18:04:55.094Z] CLI Version:   15.15.0
[debug] [2026-05-28T18:04:55.094Z] Platform:      win32
[debug] [2026-05-28T18:04:55.094Z] Node Version:  v24.14.1
[debug] [2026-05-28T18:04:55.094Z] Time:          Thu May 28 2026 23:34:55 GMT+0530 (India Standard Time)
[debug] [2026-05-28T18:04:55.094Z] ----------------------------------------------------------------------
[debug] 
[debug] [2026-05-28T18:04:56.407Z] > command requires scopes: ["email","openid","https://www.googleapis.com/auth/cloudplatformprojects.readonly","https://www.googleapis.com/auth/firebase","https://www.googleapis.com/auth/cloud-platform"]
[debug] [2026-05-28T18:04:56.408Z] > authorizing via signed-in user (visionprintt@gmail.com)
[debug] [2026-05-28T18:04:56.408Z] [iam] checking project mimo-v2-11868 for permissions ["cloudfunctions.functions.create","cloudfunctions.functions.delete","cloudfunctions.functions.get","cloudfunctions.functions.list","cloudfunctions.functions.update","cloudfunctions.operations.get","firebase.projects.get"]
[debug] [2026-05-28T18:04:56.409Z] Checked if tokens are valid: true, expires at: 1779993232902
[debug] [2026-05-28T18:04:56.409Z] Checked if tokens are valid: true, expires at: 1779993232902
[debug] [2026-05-28T18:04:56.410Z] >>> [apiv2][query] POST https://cloudresourcemanager.googleapis.com/v1/projects/mimo-v2-11868:testIamPermissions [none]
[debug] [2026-05-28T18:04:56.410Z] >>> [apiv2][(partial)header] POST https://cloudresourcemanager.googleapis.com/v1/projects/mimo-v2-11868:testIamPermissions  x-goog-user-project=mimo-v2-11868
[debug] [2026-05-28T18:04:56.410Z] >>> [apiv2][body] POST https://cloudresourcemanager.googleapis.com/v1/projects/mimo-v2-11868:testIamPermissions {"permissions":["cloudfunctions.functions.create","cloudfunctions.functions.delete","cloudfunctions.functions.get","cloudfunctions.functions.list","cloudfunctions.functions.update","cloudfunctions.operations.get","firebase.projects.get"]}
[debug] [2026-05-28T18:04:57.706Z] <<< [apiv2][status] POST https://cloudresourcemanager.googleapis.com/v1/projects/mimo-v2-11868:testIamPermissions 200
[debug] [2026-05-28T18:04:57.706Z] <<< [apiv2][body] POST https://cloudresourcemanager.googleapis.com/v1/projects/mimo-v2-11868:testIamPermissions {"permissions":["cloudfunctions.functions.create","cloudfunctions.functions.delete","cloudfunctions.functions.get","cloudfunctions.functions.list","cloudfunctions.functions.update","cloudfunctions.operations.get","firebase.projects.get"]}
[debug] [2026-05-28T18:04:57.706Z] Checked if tokens are valid: true, expires at: 1779993232902
[debug] [2026-05-28T18:04:57.706Z] Checked if tokens are valid: true, expires at: 1779993232902
[debug] [2026-05-28T18:04:57.706Z] >>> [apiv2][query] POST https://iam.googleapis.com/v1/projects/mimo-v2-11868/serviceAccounts/mimo-v2-11868@appspot.gserviceaccount.com:testIamPermissions [none]
[debug] [2026-05-28T18:04:57.706Z] >>> [apiv2][body] POST https://iam.googleapis.com/v1/projects/mimo-v2-11868/serviceAccounts/mimo-v2-11868@appspot.gserviceaccount.com:testIamPermissions {"permissions":["iam.serviceAccounts.actAs"]}
